#
# A fatal error has been detected by the Java Runtime Environment:
#
#  SIGSEGV (0xb) at pc=0x0000000106e462c8, pid=7438, tid=17155
#
# JRE version: Java(TM) SE Runtime Environment (8.0_72-b15) (build 1.8.0_72-b15)
# Java VM: Java HotSpot(TM) 64-Bit Server VM (25.72-b15 mixed mode bsd-amd64 compressed oops)
# Problematic frame:
# V  [libjvm.dylib+0x4462c8]
#
# Failed to write core dump. Core dumps have been disabled. To enable core dumping, try "ulimit -c unlimited" before starting Java again
#
# If you would like to submit a bug report, please visit:
#   http://bugreport.java.com/bugreport/crash.jsp
#

---------------  T H R E A D  ---------------

Current thread (0x00007f9031842800):  JavaThread "JDWP Transport Listener: dt_socket" daemon [_thread_in_vm, id=17155, stack(0x0000700000b3b000,0x0000700000c3b000)]

siginfo: si_signo: 11 (SIGSEGV), si_code: 0 (unknown), si_addr: 0x0000000000000000

Registers:
RAX=0x0000000000000001, RBX=0x0000700000c3aa8b, RCX=0x0000000107215340, RDX=0x0000700000c3aa8b
RSP=0x0000700000c3a9d0, RBP=0x0000700000c3a9e0, RSI=0x00007f9031842800, RDI=0x646c6975622e0003
R8 =0x0000000000000000, R9 =0x00007f90335dd9c0, R10=0x000000003527f700, R11=0x00007f9033500000
R12=0x00007f9031842800, R13=0x646c6975622e0003, R14=0x646c6975622e0003, R15=0x00007f9030d14b70
RIP=0x0000000106e462c8, EFLAGS=0x0000000000010206, ERR=0x0000000000000000
  TRAPNO=0x000000000000000d

Top of Stack: (sp=0x0000700000c3a9d0)
0x0000700000c3a9d0:   0000700000c3aa8b 0000700000c3aa8b
0x0000700000c3a9e0:   0000700000c3aa40 0000000106d552fe
0x0000700000c3a9f0:   00007f9031842800 0000000000000000
0x0000700000c3aa00:   0000000000000000 0000000000000000
0x0000700000c3aa10:   00007f9031842800 00007f9031842800
0x0000700000c3aa20:   0000700000c3aa8b 0000700000c3aa90
0x0000700000c3aa30:   646c6975622e0003 0000000000000002
0x0000700000c3aa40:   0000700000c3aa60 00000001079af780
0x0000700000c3aa50:   0000000000000001 0000700000c3ab08
0x0000700000c3aa60:   0000700000c3aad0 00000001079941f3
0x0000700000c3aa70:   0000700000c3aaa0 00007f903ab68060
0x0000700000c3aa80:   0000000500000032 0000000100c3ab08
0x0000700000c3aa90:   0000000000000000 0000000000000000
0x0000700000c3aaa0:   0000000000000000 0000700000c3ac90
0x0000700000c3aab0:   00000001079b6e7a 00007f903ac91e00
0x0000700000c3aac0:   0000700000c3ab08 00000001079c2598
0x0000700000c3aad0:   0000700000c3aae0 00000001079942ec
0x0000700000c3aae0:   0000700000c3ad00 000000010799d898
0x0000700000c3aaf0:   00059ef400000013 00000000000f0200
0x0000700000c3ab00:   00007f903ac989d0 0000700000c3abb1
0x0000700000c3ab10:   00007f90000000d3 0000700000c3ab20
0x0000700000c3ab20:   0000000000000059 0000700000c3ab58
0x0000700000c3ab30:   0000000000000000 0000000000000000
0x0000700000c3ab40:   00059ef40000000f 00007fff00002c80
0x0000700000c3ab50:   0000700000c3ab58 907f000005000000
0x0000700000c3ab60:   08000000d8d0983a 3e74696e696c633c
0x0000700000c3ab70:   0056292803000000 0008000000000000
0x0000700000c3ab80:   00e0d0983a907f00 006e69616d040000
0x0000700000c3ab90:   616a4c5b28160000 2f676e616c2f6176
0x0000700000c3aba0:   293b676e69727453 0000000000000056
0x0000700000c3abb0:   a600b90c01133b01 8a00b6ad00c00002
0x0000700000c3abc0:   30120e01c09000b6 b9e700b759e600bb 

Instructions: (pc=0x0000000106e462c8)
0x0000000106e462a8:   40 48 48 85 c0 75 e0 30 c0 0f b6 c0 5d c3 31 c0
0x0000000106e462b8:   5d c3 55 48 89 e5 53 48 83 ec 08 48 85 ff 74 24
0x0000000106e462c8:   48 8b 1f 48 85 db 74 1c 48 83 fb 37 74 16 48 8b
0x0000000106e462d8:   03 48 89 df ff 50 10 84 c0 b8 00 00 00 00 48 0f 

Register to memory mapping:

RAX=0x0000000000000001 is an unknown value
RBX=0x0000700000c3aa8b is pointing into the stack for thread: 0x00007f9031842800
RCX=0x0000000107215340: UseMembar+0 in /Library/Java/JavaVirtualMachines/jdk1.8.0_72.jdk/Contents/Home/jre/lib/server/libjvm.dylib at 0x0000000106a00000
RDX=0x0000700000c3aa8b is pointing into the stack for thread: 0x00007f9031842800
RSP=0x0000700000c3a9d0 is pointing into the stack for thread: 0x00007f9031842800
RBP=0x0000700000c3a9e0 is pointing into the stack for thread: 0x00007f9031842800
RSI=0x00007f9031842800 is a thread
RDI=0x646c6975622e0003 is an unknown value
R8 =0x0000000000000000 is an unknown value
R9 =0x00007f90335dd9c0 is an unknown value
R10=0x000000003527f700 is an unknown value
R11=0x00007f9033500000 is an unknown value
R12=0x00007f9031842800 is a thread
R13=0x646c6975622e0003 is an unknown value
R14=0x646c6975622e0003 is an unknown value
R15=0x00007f9030d14b70 is an unknown value


Stack: [0x0000700000b3b000,0x0000700000c3b000],  sp=0x0000700000c3a9d0,  free space=1022k
Native frames: (J=compiled Java code, j=interpreted, Vv=VM code, C=native code)
V  [libjvm.dylib+0x4462c8]
V  [libjvm.dylib+0x3552fe]
C  [libjdwp.dylib+0x20780]  isMethodSynthetic+0x63
C  [libjdwp.dylib+0x51f3]  methods1+0x10b
C  [libjdwp.dylib+0x52ec]  methodsWithGeneric+0xe
C  [libjdwp.dylib+0xe898]  debugLoop_run+0x1ce
C  [libjdwp.dylib+0x1f6ba]  attachThread+0x4d
V  [libjvm.dylib+0x39665c]
V  [libjvm.dylib+0x560e03]
V  [libjvm.dylib+0x5624fe]
V  [libjvm.dylib+0x482eda]
C  [libsystem_pthread.dylib+0x399d]  _pthread_body+0x83
C  [libsystem_pthread.dylib+0x391a]  _pthread_body+0x0
C  [libsystem_pthread.dylib+0x1351]  thread_start+0xd
C  0x0000000000000000


---------------  P R O C E S S  ---------------

Java Threads: ( => current thread )
  0x00007f9036ed7000 JavaThread "run-main-0" [_thread_blocked, id=13575, stack(0x0000700000932000,0x0000700000a32000)]
  0x00007f903964f000 JavaThread "pool-4-thread-2" [_thread_blocked, id=24323, stack(0x000070000188d000,0x000070000198d000)]
  0x00007f90313bc800 JavaThread "sbt-web-akka.actor.default-dispatcher-4" [_thread_blocked, id=22799, stack(0x0000700001687000,0x0000700001787000)]
  0x00007f903768d800 JavaThread "sbt-web-scheduler-1" [_thread_in_Java, id=23819, stack(0x000070000137e000,0x000070000147e000)]
  0x00007f9031857000 JavaThread "Service Thread" daemon [_thread_blocked, id=20227, stack(0x000070000114d000,0x000070000124d000)]
  0x00007f9031008000 JavaThread "C1 CompilerThread2" daemon [_thread_blocked, id=19715, stack(0x000070000104a000,0x000070000114a000)]
  0x00007f903202b800 JavaThread "C2 CompilerThread1" daemon [_thread_blocked, id=19203, stack(0x0000700000f47000,0x0000700001047000)]
  0x00007f903280d800 JavaThread "C2 CompilerThread0" daemon [_thread_blocked, id=18691, stack(0x0000700000e44000,0x0000700000f44000)]
  0x00007f9031856000 JavaThread "JDWP Command Reader" daemon [_thread_in_native, id=18179, stack(0x0000700000d41000,0x0000700000e41000)]
  0x00007f9031855800 JavaThread "JDWP Event Helper Thread" daemon [_thread_blocked, id=17667, stack(0x0000700000c3e000,0x0000700000d3e000)]
=>0x00007f9031842800 JavaThread "JDWP Transport Listener: dt_socket" daemon [_thread_in_vm, id=17155, stack(0x0000700000b3b000,0x0000700000c3b000)]
  0x00007f903280b000 JavaThread "Signal Dispatcher" daemon [_thread_blocked, id=13839, stack(0x0000700000a38000,0x0000700000b38000)]
  0x00007f9031004000 JavaThread "Finalizer" daemon [_thread_blocked, id=12291, stack(0x000070000082f000,0x000070000092f000)]
  0x00007f9032806000 JavaThread "Reference Handler" daemon [_thread_blocked, id=11779, stack(0x000070000072c000,0x000070000082c000)]
  0x00007f903180c000 JavaThread "main" [_thread_blocked, id=5891, stack(0x000070000011a000,0x000070000021a000)]

Other Threads:
  0x00007f9032036800 VMThread [stack: 0x0000700000629000,0x0000700000729000] [id=11267]
  0x00007f903202f800 WatcherThread [stack: 0x0000700001250000,0x0000700001350000] [id=20739]

VM state:not at safepoint (normal execution)

VM Mutex/Monitor currently owned by a thread: None

Heap:
 PSYoungGen      total 267264K, used 131332K [0x00000007aab00000, 0x00000007c0000000, 0x00000007c0000000)
  eden space 236032K, 55% used [0x00000007aab00000,0x00000007b2b41280,0x00000007b9180000)
  from space 31232K, 0% used [0x00000007b9180000,0x00000007b9180000,0x00000007bb000000)
  to   space 46080K, 0% used [0x00000007bd300000,0x00000007bd300000,0x00000007c0000000)
 ParOldGen       total 552960K, used 75454K [0x0000000780000000, 0x00000007a1c00000, 0x00000007aab00000)
  object space 552960K, 13% used [0x0000000780000000,0x00000007849afb88,0x00000007a1c00000)
 Metaspace       used 84651K, capacity 85245K, committed 85632K, reserved 1120256K
  class space    used 15246K, capacity 15422K, committed 15488K, reserved 1048576K

Card table byte_map: [0x0000000116d9a000,0x0000000116f9b000] byte_map_base: 0x000000011319a000

Marking Bits: (ParMarkBitMap*) 0x00000001072e3ea0
 Begin Bits: [0x00000001170f1000, 0x00000001180f1000)
 End Bits:   [0x00000001180f1000, 0x00000001190f1000)

Polling page: 0x00000001061e7000

CodeCache: size=245760Kb used=23530Kb max_used=24461Kb free=222229Kb
 bounds [0x00000001079da000, 0x00000001091ea000, 0x00000001169da000]
 total_blobs=9766 nmethods=9280 adapters=401
 compilation: enabled

Compilation events (10 events):
Event: 95.506 Thread 0x00007f9031008000 10837       3       sun.nio.cs.UTF_8$Encoder::implReplaceWith (8 bytes)
Event: 95.506 Thread 0x00007f9031008000 nmethod 10837 0x00000001082c5fd0 code [0x00000001082c6140, 0x00000001082c62b0]
Event: 95.506 Thread 0x00007f9031008000 10827   !   3       sun.misc.ExtensionDependency::checkExtensionsDependencies (32 bytes)
Event: 95.506 Thread 0x00007f9031008000 nmethod 10827 0x00000001082cea90 code [0x00000001082cec40, 0x00000001082cf078]
Event: 95.506 Thread 0x00007f9031008000 10828       3       java.util.jar.JarFile::checkForSpecialAttributes (58 bytes)
Event: 95.507 Thread 0x00007f9031008000 nmethod 10828 0x0000000108831b50 code [0x0000000108831d00, 0x0000000108832078]
Event: 95.507 Thread 0x00007f9031008000 10834       3       java.util.jar.JarFile::isKnownNotToHaveSpecialAttributes (358 bytes)
Event: 95.511 Thread 0x00007f9031008000 nmethod 10834 0x0000000108887ed0 code [0x0000000108888560, 0x000000010888d728]
Event: 229.087 Thread 0x00007f903280d800 10839       4       scala.runtime.ScalaRunTime$::array_update (296 bytes)
Event: 229.091 Thread 0x00007f903280d800 nmethod 10839 0x00000001088c87d0 code [0x00000001088c8940, 0x00000001088c8bf8]

GC Heap History (10 events):
Event: 7.938 GC heap before
{Heap before GC invocations=10 (full 4):
 PSYoungGen      total 198144K, used 176640K [0x00000007aab00000, 0x00000007b8180000, 0x00000007c0000000)
  eden space 176640K, 100% used [0x00000007aab00000,0x00000007b5780000,0x00000007b5780000)
  from space 21504K, 0% used [0x00000007b5780000,0x00000007b5780000,0x00000007b6c80000)
  to   space 21504K, 0% used [0x00000007b6c80000,0x00000007b6c80000,0x00000007b8180000)
 ParOldGen       total 373760K, used 17128K [0x0000000780000000, 0x0000000796d00000, 0x00000007aab00000)
  object space 373760K, 4% used [0x0000000780000000,0x00000007810ba1f0,0x0000000796d00000)
 Metaspace       used 45979K, capacity 46344K, committed 46720K, reserved 1087488K
  class space    used 8850K, capacity 8975K, committed 9088K, reserved 1048576K
Event: 7.946 GC heap after
Heap after GC invocations=10 (full 4):
 PSYoungGen      total 198144K, used 9599K [0x00000007aab00000, 0x00000007bb980000, 0x00000007c0000000)
  eden space 176640K, 0% used [0x00000007aab00000,0x00000007aab00000,0x00000007b5780000)
  from space 21504K, 44% used [0x00000007b6c80000,0x00000007b75dffa0,0x00000007b8180000)
  to   space 21504K, 0% used [0x00000007b5780000,0x00000007b5780000,0x00000007b6c80000)
 ParOldGen       total 373760K, used 17136K [0x0000000780000000, 0x0000000796d00000, 0x00000007aab00000)
  object space 373760K, 4% used [0x0000000780000000,0x00000007810bc1f0,0x0000000796d00000)
 Metaspace       used 45979K, capacity 46344K, committed 46720K, reserved 1087488K
  class space    used 8850K, capacity 8975K, committed 9088K, reserved 1048576K
}
Event: 9.013 GC heap before
{Heap before GC invocations=11 (full 4):
 PSYoungGen      total 198144K, used 185633K [0x00000007aab00000, 0x00000007bb980000, 0x00000007c0000000)
  eden space 176640K, 99% used [0x00000007aab00000,0x00000007b56e87e0,0x00000007b5780000)
  from space 21504K, 44% used [0x00000007b6c80000,0x00000007b75dffa0,0x00000007b8180000)
  to   space 21504K, 0% used [0x00000007b5780000,0x00000007b5780000,0x00000007b6c80000)
 ParOldGen       total 373760K, used 17136K [0x0000000780000000, 0x0000000796d00000, 0x00000007aab00000)
  object space 373760K, 4% used [0x0000000780000000,0x00000007810bc1f0,0x0000000796d00000)
 Metaspace       used 51133K, capacity 51464K, committed 51712K, reserved 1091584K
  class space    used 9747K, capacity 9871K, committed 9984K, reserved 1048576K
Event: 9.031 GC heap after
Heap after GC invocations=11 (full 4):
 PSYoungGen      total 198144K, used 17286K [0x00000007aab00000, 0x00000007bc500000, 0x00000007c0000000)
  eden space 176640K, 0% used [0x00000007aab00000,0x00000007aab00000,0x00000007b5780000)
  from space 21504K, 80% used [0x00000007b5780000,0x00000007b68618d8,0x00000007b6c80000)
  to   space 21504K, 0% used [0x00000007bb000000,0x00000007bb000000,0x00000007bc500000)
 ParOldGen       total 373760K, used 17144K [0x0000000780000000, 0x0000000796d00000, 0x00000007aab00000)
  object space 373760K, 4% used [0x0000000780000000,0x00000007810be1f0,0x0000000796d00000)
 Metaspace       used 51133K, capacity 51464K, committed 51712K, reserved 1091584K
  class space    used 9747K, capacity 9871K, committed 9984K, reserved 1048576K
}
Event: 10.158 GC heap before
{Heap before GC invocations=12 (full 4):
 PSYoungGen      total 198144K, used 193926K [0x00000007aab00000, 0x00000007bc500000, 0x00000007c0000000)
  eden space 176640K, 100% used [0x00000007aab00000,0x00000007b5780000,0x00000007b5780000)
  from space 21504K, 80% used [0x00000007b5780000,0x00000007b68618d8,0x00000007b6c80000)
  to   space 21504K, 0% used [0x00000007bb000000,0x00000007bb000000,0x00000007bc500000)
 ParOldGen       total 373760K, used 17144K [0x0000000780000000, 0x0000000796d00000, 0x00000007aab00000)
  object space 373760K, 4% used [0x0000000780000000,0x00000007810be1f0,0x0000000796d00000)
 Metaspace       used 61854K, capacity 62306K, committed 62336K, reserved 1099776K
  class space    used 11752K, capacity 11895K, committed 11904K, reserved 1048576K
Event: 10.196 GC heap after
Heap after GC invocations=12 (full 4):
 PSYoungGen      total 257536K, used 21489K [0x00000007aab00000, 0x00000007bec00000, 0x00000007c0000000)
  eden space 236032K, 0% used [0x00000007aab00000,0x00000007aab00000,0x00000007b9180000)
  from space 21504K, 99% used [0x00000007bb000000,0x00000007bc4fc710,0x00000007bc500000)
  to   space 31232K, 0% used [0x00000007b9180000,0x00000007b9180000,0x00000007bb000000)
 ParOldGen       total 373760K, used 32735K [0x0000000780000000, 0x0000000796d00000, 0x00000007aab00000)
  object space 373760K, 8% used [0x0000000780000000,0x0000000781ff7e68,0x0000000796d00000)
 Metaspace       used 61854K, capacity 62306K, committed 62336K, reserved 1099776K
  class space    used 11752K, capacity 11895K, committed 11904K, reserved 1048576K
}
Event: 11.029 GC heap before
{Heap before GC invocations=13 (full 4):
 PSYoungGen      total 257536K, used 103588K [0x00000007aab00000, 0x00000007bec00000, 0x00000007c0000000)
  eden space 236032K, 34% used [0x00000007aab00000,0x00000007afb2cc68,0x00000007b9180000)
  from space 21504K, 99% used [0x00000007bb000000,0x00000007bc4fc710,0x00000007bc500000)
  to   space 31232K, 0% used [0x00000007b9180000,0x00000007b9180000,0x00000007bb000000)
 ParOldGen       total 373760K, used 32735K [0x0000000780000000, 0x0000000796d00000, 0x00000007aab00000)
  object space 373760K, 8% used [0x0000000780000000,0x0000000781ff7e68,0x0000000796d00000)
 Metaspace       used 69673K, capacity 70220K, committed 70400K, reserved 1105920K
  class space    used 12758K, capacity 12953K, committed 13056K, reserved 1048576K
Event: 11.081 GC heap after
Heap after GC invocations=13 (full 4):
 PSYoungGen      total 267264K, used 31217K [0x00000007aab00000, 0x00000007c0000000, 0x00000007c0000000)
  eden space 236032K, 0% used [0x00000007aab00000,0x00000007aab00000,0x00000007b9180000)
  from space 31232K, 99% used [0x00000007b9180000,0x00000007baffc720,0x00000007bb000000)
  to   space 46080K, 0% used [0x00000007bd300000,0x00000007bd300000,0x00000007c0000000)
 ParOldGen       total 373760K, used 58251K [0x0000000780000000, 0x0000000796d00000, 0x00000007aab00000)
  object space 373760K, 15% used [0x0000000780000000,0x00000007838e2f00,0x0000000796d00000)
 Metaspace       used 69673K, capacity 70220K, committed 70400K, reserved 1105920K
  class space    used 12758K, capacity 12953K, committed 13056K, reserved 1048576K
}
Event: 11.081 GC heap before
{Heap before GC invocations=14 (full 5):
 PSYoungGen      total 267264K, used 31217K [0x00000007aab00000, 0x00000007c0000000, 0x00000007c0000000)
  eden space 236032K, 0% used [0x00000007aab00000,0x00000007aab00000,0x00000007b9180000)
  from space 31232K, 99% used [0x00000007b9180000,0x00000007baffc720,0x00000007bb000000)
  to   space 46080K, 0% used [0x00000007bd300000,0x00000007bd300000,0x00000007c0000000)
 ParOldGen       total 373760K, used 58251K [0x0000000780000000, 0x0000000796d00000, 0x00000007aab00000)
  object space 373760K, 15% used [0x0000000780000000,0x00000007838e2f00,0x0000000796d00000)
 Metaspace       used 69673K, capacity 70220K, committed 70400K, reserved 1105920K
  class space    used 12758K, capacity 12953K, committed 13056K, reserved 1048576K
Event: 11.295 GC heap after
Heap after GC invocations=14 (full 5):
 PSYoungGen      total 267264K, used 0K [0x00000007aab00000, 0x00000007c0000000, 0x00000007c0000000)
  eden space 236032K, 0% used [0x00000007aab00000,0x00000007aab00000,0x00000007b9180000)
  from space 31232K, 0% used [0x00000007b9180000,0x00000007b9180000,0x00000007bb000000)
  to   space 46080K, 0% used [0x00000007bd300000,0x00000007bd300000,0x00000007c0000000)
 ParOldGen       total 552960K, used 75454K [0x0000000780000000, 0x00000007a1c00000, 0x00000007aab00000)
  object space 552960K, 13% used [0x0000000780000000,0x00000007849afb88,0x00000007a1c00000)
 Metaspace       used 69653K, capacity 70188K, committed 70400K, reserved 1105920K
  class space    used 12753K, capacity 12945K, committed 13056K, reserved 1048576K
}

Deoptimization events (10 events):
Event: 14.558 Thread 0x00007f903986a800 Uncommon trap: reason=bimorphic action=maybe_recompile pc=0x00000001081370e0 method=scala.collection.generic.GenMapFactory.newBuilder()Lscala/collection/mutable/Builder; @ 5
Event: 14.559 Thread 0x00007f903986a800 Uncommon trap: reason=unstable_if action=reinterpret pc=0x00000001086bc3d4 method=scala.reflect.ClassTag$.apply(Ljava/lang/Class;)Lscala/reflect/ClassTag; @ 290
Event: 14.559 Thread 0x00007f903986a800 Uncommon trap: reason=bimorphic action=maybe_recompile pc=0x00000001081370e0 method=scala.collection.generic.GenMapFactory.newBuilder()Lscala/collection/mutable/Builder; @ 5
Event: 14.686 Thread 0x00007f9036ed7000 Uncommon trap: reason=class_check action=maybe_recompile pc=0x00000001082767f4 method=java.net.URLClassLoader.defineClass(Ljava/lang/String;Lsun/misc/Resource;)Ljava/lang/Class; @ 34
Event: 14.688 Thread 0x00007f9036ed7000 Uncommon trap: reason=class_check action=maybe_recompile pc=0x00000001082767f4 method=java.net.URLClassLoader.defineClass(Ljava/lang/String;Lsun/misc/Resource;)Ljava/lang/Class; @ 34
Event: 14.689 Thread 0x00007f9036ed7000 Uncommon trap: reason=class_check action=maybe_recompile pc=0x00000001082767f4 method=java.net.URLClassLoader.defineClass(Ljava/lang/String;Lsun/misc/Resource;)Ljava/lang/Class; @ 34
Event: 14.771 Thread 0x00007f9036ed7000 Uncommon trap: reason=class_check action=maybe_recompile pc=0x00000001082767f4 method=java.net.URLClassLoader.defineClass(Ljava/lang/String;Lsun/misc/Resource;)Ljava/lang/Class; @ 34
Event: 14.771 Thread 0x00007f9036ed7000 Uncommon trap: reason=class_check action=maybe_recompile pc=0x0000000108249dbc method=java.net.URLClassLoader.defineClass(Ljava/lang/String;Lsun/misc/Resource;)Ljava/lang/Class; @ 34
Event: 37.944 Thread 0x00007f9036ed7000 Uncommon trap: reason=bimorphic action=maybe_recompile pc=0x00000001087e36c4 method=java.util.AbstractCollection.toArray()[Ljava/lang/Object; @ 22
Event: 274.387 Thread 0x00007f9036ed7000 Uncommon trap: reason=unstable_if action=reinterpret pc=0x000000010850de38 method=java.lang.ClassLoader.preDefineClass(Ljava/lang/String;Ljava/security/ProtectionDomain;)Ljava/security/ProtectionDomain; @ 86

Internal exceptions (10 events):
Event: 14.599 Thread 0x00007f903986a800 Exception <a 'java/lang/NoSuchMethodError': <clinit>> (0x00000007b1ad5558) thrown at [/Users/java_re/workspace/8-2-build-macosx-x86_64/jdk8u72/5732/hotspot/src/share/vm/prims/jni.cpp, line 1591]
Event: 14.599 Thread 0x00007f903986a800 Exception <a 'java/lang/NoSuchMethodError': <clinit>> (0x00000007b1ad6588) thrown at [/Users/java_re/workspace/8-2-build-macosx-x86_64/jdk8u72/5732/hotspot/src/share/vm/prims/jni.cpp, line 1591]
Event: 14.600 Thread 0x00007f903986a800 Exception <a 'java/lang/NoSuchMethodError': <clinit>> (0x00000007b1ad7120) thrown at [/Users/java_re/workspace/8-2-build-macosx-x86_64/jdk8u72/5732/hotspot/src/share/vm/prims/jni.cpp, line 1591]
Event: 14.600 Thread 0x00007f903986a800 Exception <a 'java/lang/NoSuchMethodError': <clinit>> (0x00000007b1ad83b0) thrown at [/Users/java_re/workspace/8-2-build-macosx-x86_64/jdk8u72/5732/hotspot/src/share/vm/prims/jni.cpp, line 1591]
Event: 14.600 Thread 0x00007f903986a800 Exception <a 'java/lang/NoSuchMethodError': <clinit>> (0x00000007b1ad94f0) thrown at [/Users/java_re/workspace/8-2-build-macosx-x86_64/jdk8u72/5732/hotspot/src/share/vm/prims/jni.cpp, line 1591]
Event: 14.601 Thread 0x00007f903986a800 Exception <a 'java/lang/NoSuchMethodError': <clinit>> (0x00000007b1ada1a8) thrown at [/Users/java_re/workspace/8-2-build-macosx-x86_64/jdk8u72/5732/hotspot/src/share/vm/prims/jni.cpp, line 1591]
Event: 14.601 Thread 0x00007f903986a800 Exception <a 'java/lang/NoSuchMethodError': <clinit>> (0x00000007b1add308) thrown at [/Users/java_re/workspace/8-2-build-macosx-x86_64/jdk8u72/5732/hotspot/src/share/vm/prims/jni.cpp, line 1591]
Event: 14.631 Thread 0x00007f903986a800 Exception <a 'java/lang/NoSuchMethodError': <clinit>> (0x00000007b1bba968) thrown at [/Users/java_re/workspace/8-2-build-macosx-x86_64/jdk8u72/5732/hotspot/src/share/vm/prims/jni.cpp, line 1591]
Event: 14.631 Thread 0x00007f903986a800 Exception <a 'java/lang/NoSuchMethodError': <clinit>> (0x00000007b1bbb660) thrown at [/Users/java_re/workspace/8-2-build-macosx-x86_64/jdk8u72/5732/hotspot/src/share/vm/prims/jni.cpp, line 1591]
Event: 274.387 Thread 0x00007f9036ed7000 Implicit null exception at 0x000000010850c876 to 0x000000010850de29

Events (10 events):
Event: 1918.211 Executing VM operation: GetOrSetLocal
Event: 1918.212 Executing VM operation: GetOrSetLocal done
Event: 1970.648 Executing VM operation: ChangeBreakpoints
Event: 1970.650 Executing VM operation: ChangeBreakpoints done
Event: 1978.856 Executing VM operation: ChangeBreakpoints
Event: 1978.856 Executing VM operation: ChangeBreakpoints done
Event: 1978.884 Executing VM operation: RedefineClasses
Event: 1979.140 Executing VM operation: RedefineClasses done
Event: 1979.141 Executing VM operation: GetOrSetLocal
Event: 1979.141 Executing VM operation: GetOrSetLocal done


Dynamic libraries:
0x00000000002ea000 	/System/Library/Frameworks/Cocoa.framework/Versions/A/Cocoa
0x00000000002ea000 	/System/Library/Frameworks/Security.framework/Versions/A/Security
0x00000000002ea000 	/System/Library/Frameworks/ApplicationServices.framework/Versions/A/ApplicationServices
0x00000000002ea000 	/usr/lib/libz.1.dylib
0x00000000002ea000 	/usr/lib/libSystem.B.dylib
0x00000000002ea000 	/usr/lib/libobjc.A.dylib
0x00000000002ea000 	/System/Library/Frameworks/CoreFoundation.framework/Versions/A/CoreFoundation
0x00000000002ea000 	/System/Library/Frameworks/Foundation.framework/Versions/C/Foundation
0x00000000002ea000 	/System/Library/Frameworks/AppKit.framework/Versions/C/AppKit
0x00000000002ea000 	/System/Library/Frameworks/CoreData.framework/Versions/A/CoreData
0x00000000002ea000 	/System/Library/PrivateFrameworks/RemoteViewServices.framework/Versions/A/RemoteViewServices
0x00000000002ea000 	/System/Library/PrivateFrameworks/UIFoundation.framework/Versions/A/UIFoundation
0x00000000002ea000 	/usr/lib/libScreenReader.dylib
0x00000000002ea000 	/System/Library/Frameworks/Accelerate.framework/Versions/A/Accelerate
0x00000000002ea000 	/System/Library/Frameworks/IOSurface.framework/Versions/A/IOSurface
0x00000000002ea000 	/System/Library/Frameworks/AudioToolbox.framework/Versions/A/AudioToolbox
0x00000000002ea000 	/System/Library/Frameworks/AudioUnit.framework/Versions/A/AudioUnit
0x00000000002ea000 	/System/Library/PrivateFrameworks/DataDetectorsCore.framework/Versions/A/DataDetectorsCore
0x00000000002ea000 	/System/Library/PrivateFrameworks/DesktopServicesPriv.framework/Versions/A/DesktopServicesPriv
0x00000000002ea000 	/System/Library/Frameworks/Carbon.framework/Versions/A/Frameworks/HIToolbox.framework/Versions/A/HIToolbox
0x00000000002ea000 	/System/Library/Frameworks/QuartzCore.framework/Versions/A/QuartzCore
0x00000000002ea000 	/System/Library/Frameworks/Carbon.framework/Versions/A/Frameworks/SpeechRecognition.framework/Versions/A/SpeechRecognition
0x00000000002ea000 	/usr/lib/libauto.dylib
0x00000000002ea000 	/usr/lib/libicucore.A.dylib
0x00000000002ea000 	/usr/lib/libxml2.2.dylib
0x00000000002ea000 	/System/Library/PrivateFrameworks/CoreUI.framework/Versions/A/CoreUI
0x00000000002ea000 	/System/Library/Frameworks/CoreAudio.framework/Versions/A/CoreAudio
0x00000000002ea000 	/System/Library/Frameworks/DiskArbitration.framework/Versions/A/DiskArbitration
0x00000000002ea000 	/usr/lib/liblangid.dylib
0x00000000002ea000 	/System/Library/PrivateFrameworks/MultitouchSupport.framework/Versions/A/MultitouchSupport
0x00000000002ea000 	/System/Library/Frameworks/IOKit.framework/Versions/A/IOKit
0x00000000002ea000 	/usr/lib/libDiagnosticMessagesClient.dylib
0x00000000002ea000 	/System/Library/Frameworks/CoreServices.framework/Versions/A/CoreServices
0x00000000002ea000 	/System/Library/PrivateFrameworks/PerformanceAnalysis.framework/Versions/A/PerformanceAnalysis
0x00000000002ea000 	/System/Library/PrivateFrameworks/GenerationalStorage.framework/Versions/A/GenerationalStorage
0x00000000002ea000 	/System/Library/Frameworks/OpenGL.framework/Versions/A/OpenGL
0x00000000002ea000 	/System/Library/PrivateFrameworks/Sharing.framework/Versions/A/Sharing
0x00000000002ea000 	/System/Library/Frameworks/CoreGraphics.framework/Versions/A/CoreGraphics
0x00000000002ea000 	/System/Library/Frameworks/CoreImage.framework/Versions/A/CoreImage
0x00000000002ea000 	/System/Library/Frameworks/CoreText.framework/Versions/A/CoreText
0x00000000002ea000 	/System/Library/Frameworks/ImageIO.framework/Versions/A/ImageIO
0x00000000002ea000 	/System/Library/PrivateFrameworks/Backup.framework/Versions/A/Backup
0x00000000002ea000 	/usr/lib/libextension.dylib
0x00000000002ea000 	/usr/lib/libarchive.2.dylib
0x00000000002ea000 	/System/Library/Frameworks/CFNetwork.framework/Versions/A/CFNetwork
0x00000000002ea000 	/System/Library/Frameworks/SystemConfiguration.framework/Versions/A/SystemConfiguration
0x00000000002ea000 	/usr/lib/libCRFSuite.dylib
0x00000000002ea000 	/usr/lib/libc++.1.dylib
0x00000000002ea000 	/usr/lib/libc++abi.dylib
0x00000000002ea000 	/usr/lib/system/libcache.dylib
0x00000000002ea000 	/usr/lib/system/libcommonCrypto.dylib
0x00000000002ea000 	/usr/lib/system/libcompiler_rt.dylib
0x00000000002ea000 	/usr/lib/system/libcopyfile.dylib
0x00000000002ea000 	/usr/lib/system/libcorecrypto.dylib
0x00000000002ea000 	/usr/lib/system/libdispatch.dylib
0x00000000002ea000 	/usr/lib/system/libdyld.dylib
0x00000000002ea000 	/usr/lib/system/libkeymgr.dylib
0x00000000002ea000 	/usr/lib/system/liblaunch.dylib
0x00000000002ea000 	/usr/lib/system/libmacho.dylib
0x00000000002ea000 	/usr/lib/system/libquarantine.dylib
0x00000000002ea000 	/usr/lib/system/libremovefile.dylib
0x00000000002ea000 	/usr/lib/system/libsystem_asl.dylib
0x00000000002ea000 	/usr/lib/system/libsystem_blocks.dylib
0x00000000002ea000 	/usr/lib/system/libsystem_c.dylib
0x00000000002ea000 	/usr/lib/system/libsystem_configuration.dylib
0x00000000002ea000 	/usr/lib/system/libsystem_coreservices.dylib
0x00000000002ea000 	/usr/lib/system/libsystem_coretls.dylib
0x00000000002ea000 	/usr/lib/system/libsystem_dnssd.dylib
0x00000000002ea000 	/usr/lib/system/libsystem_info.dylib
0x00000000002ea000 	/usr/lib/system/libsystem_kernel.dylib
0x00000000002ea000 	/usr/lib/system/libsystem_m.dylib
0x00000000002ea000 	/usr/lib/system/libsystem_malloc.dylib
0x00000000002ea000 	/usr/lib/system/libsystem_network.dylib
0x00000000002ea000 	/usr/lib/system/libsystem_networkextension.dylib
0x00000000002ea000 	/usr/lib/system/libsystem_notify.dylib
0x00000000002ea000 	/usr/lib/system/libsystem_platform.dylib
0x00000000002ea000 	/usr/lib/system/libsystem_pthread.dylib
0x00000000002ea000 	/usr/lib/system/libsystem_sandbox.dylib
0x00000000002ea000 	/usr/lib/system/libsystem_secinit.dylib
0x00000000002ea000 	/usr/lib/system/libsystem_trace.dylib
0x00000000002ea000 	/usr/lib/system/libunc.dylib
0x00000000002ea000 	/usr/lib/system/libunwind.dylib
0x00000000002ea000 	/usr/lib/system/libxpc.dylib
0x00000000002ea000 	/usr/lib/libenergytrace.dylib
0x00000000002ea000 	/usr/lib/libbsm.0.dylib
0x00000000002ea000 	/usr/lib/system/libkxld.dylib
0x00000000002ea000 	/usr/lib/libxar.1.dylib
0x00000000002ea000 	/usr/lib/libsqlite3.dylib
0x00000000002ea000 	/usr/lib/libpam.2.dylib
0x00000000002ea000 	/usr/lib/libOpenScriptingUtil.dylib
0x00000000002ea000 	/usr/lib/libbz2.1.0.dylib
0x00000000002ea000 	/usr/lib/liblzma.5.dylib
0x00000000002ea000 	/System/Library/Frameworks/CoreServices.framework/Versions/A/Frameworks/FSEvents.framework/Versions/A/FSEvents
0x00000000002ea000 	/System/Library/Frameworks/CoreServices.framework/Versions/A/Frameworks/CarbonCore.framework/Versions/A/CarbonCore
0x00000000002ea000 	/System/Library/Frameworks/CoreServices.framework/Versions/A/Frameworks/Metadata.framework/Versions/A/Metadata
0x00000000002ea000 	/System/Library/Frameworks/CoreServices.framework/Versions/A/Frameworks/OSServices.framework/Versions/A/OSServices
0x00000000002ea000 	/System/Library/Frameworks/CoreServices.framework/Versions/A/Frameworks/SearchKit.framework/Versions/A/SearchKit
0x00000000002ea000 	/System/Library/Frameworks/CoreServices.framework/Versions/A/Frameworks/AE.framework/Versions/A/AE
0x00000000002ea000 	/System/Library/Frameworks/CoreServices.framework/Versions/A/Frameworks/LaunchServices.framework/Versions/A/LaunchServices
0x00000000002ea000 	/System/Library/Frameworks/CoreServices.framework/Versions/A/Frameworks/DictionaryServices.framework/Versions/A/DictionaryServices
0x00000000002ea000 	/System/Library/Frameworks/CoreServices.framework/Versions/A/Frameworks/SharedFileList.framework/Versions/A/SharedFileList
0x00000000002ea000 	/System/Library/Frameworks/NetFS.framework/Versions/A/NetFS
0x00000000002ea000 	/System/Library/PrivateFrameworks/NetAuth.framework/Versions/A/NetAuth
0x00000000002ea000 	/System/Library/PrivateFrameworks/login.framework/Versions/A/Frameworks/loginsupport.framework/Versions/A/loginsupport
0x00000000002ea000 	/System/Library/PrivateFrameworks/TCC.framework/Versions/A/TCC
0x00000000002ea000 	/usr/lib/libmecabra.dylib
0x00000000002ea000 	/System/Library/Frameworks/ApplicationServices.framework/Versions/A/Frameworks/ATS.framework/Versions/A/ATS
0x00000000002ea000 	/System/Library/Frameworks/ApplicationServices.framework/Versions/A/Frameworks/ColorSync.framework/Versions/A/ColorSync
0x00000000002ea000 	/System/Library/Frameworks/ApplicationServices.framework/Versions/A/Frameworks/HIServices.framework/Versions/A/HIServices
0x00000000002ea000 	/System/Library/Frameworks/ApplicationServices.framework/Versions/A/Frameworks/LangAnalysis.framework/Versions/A/LangAnalysis
0x00000000002ea000 	/System/Library/Frameworks/ApplicationServices.framework/Versions/A/Frameworks/PrintCore.framework/Versions/A/PrintCore
0x00000000002ea000 	/System/Library/Frameworks/ApplicationServices.framework/Versions/A/Frameworks/QD.framework/Versions/A/QD
0x00000000002ea000 	/System/Library/Frameworks/ApplicationServices.framework/Versions/A/Frameworks/SpeechSynthesis.framework/Versions/A/SpeechSynthesis
0x00000000002ea000 	/System/Library/Frameworks/Metal.framework/Versions/A/Metal
0x00000000002ea000 	/System/Library/Frameworks/Accelerate.framework/Versions/A/Frameworks/vImage.framework/Versions/A/vImage
0x00000000002ea000 	/System/Library/Frameworks/Accelerate.framework/Versions/A/Frameworks/vecLib.framework/Versions/A/vecLib
0x00000000002ea000 	/System/Library/Frameworks/Accelerate.framework/Versions/A/Frameworks/vecLib.framework/Versions/A/libvDSP.dylib
0x00000000002ea000 	/System/Library/Frameworks/Accelerate.framework/Versions/A/Frameworks/vecLib.framework/Versions/A/libvMisc.dylib
0x00000000002ea000 	/System/Library/Frameworks/Accelerate.framework/Versions/A/Frameworks/vecLib.framework/Versions/A/libLAPACK.dylib
0x00000000002ea000 	/System/Library/Frameworks/Accelerate.framework/Versions/A/Frameworks/vecLib.framework/Versions/A/libBLAS.dylib
0x00000000002ea000 	/System/Library/Frameworks/Accelerate.framework/Versions/A/Frameworks/vecLib.framework/Versions/A/libLinearAlgebra.dylib
0x00000000002ea000 	/System/Library/Frameworks/Accelerate.framework/Versions/A/Frameworks/vecLib.framework/Versions/A/libSparseBLAS.dylib
0x00000000002ea000 	/System/Library/PrivateFrameworks/GPUCompiler.framework/libmetal_timestamp.dylib
0x00000000002ea000 	/System/Library/Frameworks/OpenGL.framework/Versions/A/Libraries/libCoreFSCache.dylib
0x00000000002ea000 	/System/Library/PrivateFrameworks/IOAccelerator.framework/Versions/A/IOAccelerator
0x00000000002ea000 	/System/Library/Frameworks/ApplicationServices.framework/Versions/A/Frameworks/ATS.framework/Versions/A/Resources/libFontParser.dylib
0x00000000002ea000 	/System/Library/Frameworks/ApplicationServices.framework/Versions/A/Frameworks/ATS.framework/Versions/A/Resources/libFontRegistry.dylib
0x00000000002ea000 	/System/Library/PrivateFrameworks/AppleVPA.framework/Versions/A/AppleVPA
0x00000000002ea000 	/System/Library/PrivateFrameworks/AppleJPEG.framework/Versions/A/AppleJPEG
0x00000000002ea000 	/System/Library/Frameworks/ImageIO.framework/Versions/A/Resources/libJPEG.dylib
0x00000000002ea000 	/System/Library/Frameworks/ImageIO.framework/Versions/A/Resources/libTIFF.dylib
0x00000000002ea000 	/System/Library/Frameworks/ImageIO.framework/Versions/A/Resources/libPng.dylib
0x00000000002ea000 	/System/Library/Frameworks/ImageIO.framework/Versions/A/Resources/libGIF.dylib
0x00000000002ea000 	/System/Library/Frameworks/ImageIO.framework/Versions/A/Resources/libJP2.dylib
0x00000000002ea000 	/System/Library/Frameworks/ImageIO.framework/Versions/A/Resources/libRadiance.dylib
0x00000000002ea000 	/System/Library/Frameworks/CoreVideo.framework/Versions/A/CoreVideo
0x00000000002ea000 	/System/Library/Frameworks/OpenGL.framework/Versions/A/Libraries/libGLU.dylib
0x00000000002ea000 	/System/Library/Frameworks/OpenGL.framework/Versions/A/Libraries/libGFXShared.dylib
0x00000000002ea000 	/System/Library/Frameworks/OpenGL.framework/Versions/A/Libraries/libGL.dylib
0x00000000002ea000 	/System/Library/Frameworks/OpenGL.framework/Versions/A/Libraries/libGLImage.dylib
0x00000000002ea000 	/System/Library/Frameworks/OpenGL.framework/Versions/A/Libraries/libCVMSPluginSupport.dylib
0x00000000002ea000 	/System/Library/Frameworks/OpenGL.framework/Versions/A/Libraries/libCoreVMClient.dylib
0x00000000002ea000 	/usr/lib/libcompression.dylib
0x00000000002ea000 	/usr/lib/libcups.2.dylib
0x00000000002ea000 	/System/Library/Frameworks/Kerberos.framework/Versions/A/Kerberos
0x00000000002ea000 	/System/Library/Frameworks/GSS.framework/Versions/A/GSS
0x00000000002ea000 	/usr/lib/libresolv.9.dylib
0x00000000002ea000 	/usr/lib/libiconv.2.dylib
0x00000000002ea000 	/System/Library/PrivateFrameworks/Heimdal.framework/Versions/A/Heimdal
0x00000000002ea000 	/usr/lib/libheimdal-asn1.dylib
0x00000000002ea000 	/System/Library/Frameworks/OpenDirectory.framework/Versions/A/OpenDirectory
0x00000000002ea000 	/System/Library/PrivateFrameworks/CommonAuth.framework/Versions/A/CommonAuth
0x00000000002ea000 	/System/Library/Frameworks/OpenDirectory.framework/Versions/A/Frameworks/CFOpenDirectory.framework/Versions/A/CFOpenDirectory
0x00000000002ea000 	/System/Library/Frameworks/SecurityFoundation.framework/Versions/A/SecurityFoundation
0x00000000002ea000 	/System/Library/PrivateFrameworks/LanguageModeling.framework/Versions/A/LanguageModeling
0x00000000002ea000 	/usr/lib/libmarisa.dylib
0x00000000002ea000 	/usr/lib/libChineseTokenizer.dylib
0x00000000002ea000 	/usr/lib/libcmph.dylib
0x00000000002ea000 	/System/Library/Frameworks/ServiceManagement.framework/Versions/A/ServiceManagement
0x00000000002ea000 	/usr/lib/libxslt.1.dylib
0x00000000002ea000 	/System/Library/Frameworks/Carbon.framework/Versions/A/Frameworks/Ink.framework/Versions/A/Ink
0x00000000002ea000 	/usr/lib/libFosl_dynamic.dylib
0x00000000002ea000 	/System/Library/PrivateFrameworks/FaceCore.framework/Versions/A/FaceCore
0x00000000002ea000 	/System/Library/Frameworks/OpenCL.framework/Versions/A/OpenCL
0x00000000002ea000 	/System/Library/PrivateFrameworks/CrashReporterSupport.framework/Versions/A/CrashReporterSupport
0x00000000002ea000 	/System/Library/PrivateFrameworks/IconServices.framework/Versions/A/IconServices
0x00000000002ea000 	/System/Library/PrivateFrameworks/Apple80211.framework/Versions/A/Apple80211
0x00000000002ea000 	/System/Library/Frameworks/CoreWLAN.framework/Versions/A/CoreWLAN
0x00000000002ea000 	/System/Library/Frameworks/IOBluetooth.framework/Versions/A/IOBluetooth
0x00000000002ea000 	/System/Library/PrivateFrameworks/CoreWiFi.framework/Versions/A/CoreWiFi
0x00000000002ea000 	/System/Library/Frameworks/CoreBluetooth.framework/Versions/A/CoreBluetooth
0x00000000002ea000 	/System/Library/PrivateFrameworks/ChunkingLibrary.framework/Versions/A/ChunkingLibrary
0x00000000002ea000 	/System/Library/PrivateFrameworks/DebugSymbols.framework/Versions/A/DebugSymbols
0x00000000002ea000 	/System/Library/PrivateFrameworks/CoreSymbolication.framework/Versions/A/CoreSymbolication
0x00000000002ea000 	/System/Library/PrivateFrameworks/Symbolication.framework/Versions/A/Symbolication
0x00000000002ea000 	/System/Library/PrivateFrameworks/SpeechRecognitionCore.framework/Versions/A/SpeechRecognitionCore
0x0000000106a00000 	/Library/Java/JavaVirtualMachines/jdk1.8.0_72.jdk/Contents/Home/jre/lib/server/libjvm.dylib
0x00000000002ea000 	/usr/lib/libstdc++.6.dylib
0x00000001061a4000 	/Library/Java/JavaVirtualMachines/jdk1.8.0_72.jdk/Contents/Home/jre/lib/libverify.dylib
0x00000001061b2000 	/Library/Java/JavaVirtualMachines/jdk1.8.0_72.jdk/Contents/Home/jre/lib/libjava.dylib
0x000000010798f000 	/Library/Java/JavaVirtualMachines/jdk1.8.0_72.jdk/Contents/Home/jre/lib/libjdwp.dylib
0x00000001061e8000 	/Library/Java/JavaVirtualMachines/jdk1.8.0_72.jdk/Contents/Home/jre/lib/libnpt.dylib
0x00000001061f5000 	/Library/Java/JavaVirtualMachines/jdk1.8.0_72.jdk/Contents/Home/jre/lib/libzip.dylib
0x000000011add3000 	/System/Library/Frameworks/JavaVM.framework/Frameworks/JavaRuntimeSupport.framework/JavaRuntimeSupport
0x000000011adee000 	/System/Library/Frameworks/JavaVM.framework/Versions/A/Frameworks/JavaNativeFoundation.framework/Versions/A/JavaNativeFoundation
0x000000011ae03000 	/System/Library/Frameworks/JavaVM.framework/Versions/A/JavaVM
0x00000000002ea000 	/System/Library/Frameworks/Carbon.framework/Versions/A/Carbon
0x000000011ae10000 	/System/Library/PrivateFrameworks/JavaLaunching.framework/Versions/A/JavaLaunching
0x00000000002ea000 	/System/Library/Frameworks/Carbon.framework/Versions/A/Frameworks/CommonPanels.framework/Versions/A/CommonPanels
0x00000000002ea000 	/System/Library/Frameworks/Carbon.framework/Versions/A/Frameworks/Help.framework/Versions/A/Help
0x00000000002ea000 	/System/Library/Frameworks/Carbon.framework/Versions/A/Frameworks/ImageCapture.framework/Versions/A/ImageCapture
0x00000000002ea000 	/System/Library/Frameworks/Carbon.framework/Versions/A/Frameworks/OpenScripting.framework/Versions/A/OpenScripting
0x00000000002ea000 	/System/Library/Frameworks/Carbon.framework/Versions/A/Frameworks/Print.framework/Versions/A/Print
0x00000000002ea000 	/System/Library/Frameworks/Carbon.framework/Versions/A/Frameworks/SecurityHI.framework/Versions/A/SecurityHI
0x000000011c737000 	/Library/Java/JavaVirtualMachines/jdk1.8.0_72.jdk/Contents/Home/jre/lib/libdt_socket.dylib
0x000000011c75a000 	/Library/Java/JavaVirtualMachines/jdk1.8.0_72.jdk/Contents/Home/jre/lib/libnet.dylib
0x000000011c7b9000 	/Library/Java/JavaVirtualMachines/jdk1.8.0_72.jdk/Contents/Home/jre/lib/libnio.dylib
0x000000011cdd3000 	/private/var/folders/kc/rxgylpds6bg06jymbpz5f2xw0000gn/T/jna-65805908/jna8645499786006696489.tmp

VM Arguments:
jvm_args: -agentlib:jdwp=transport=dt_socket,address=127.0.0.1:53670,suspend=y,server=n -Xms512M -Xmx1024M -Xss1M -XX:+CMSClassUnloadingEnabled -XX:MaxPermSize=256M -Dfile.encoding=UTF-8 
java_command: xsbt.boot.Boot generate_models
java_class_path (initial): /Users/David/Library/Application Support/IntelliJIdea15/Scala/launcher/sbt-launch.jar:/Applications/IntelliJ IDEA 15.app/Contents/lib/idea_rt.jar
Launcher Type: SUN_STANDARD

Environment Variables:
PATH=/Users/David/.rbenv/shims:/usr/local/bin:/usr/bin:/bin:/usr/sbin:/sbin:/Users/David/.rbenv/bin:/usr/local/bin:/usr/bin:/bin:/usr/sbin:/sbin:/opt/X11/bin
SHELL=/bin/zsh
DISPLAY=/private/tmp/com.apple.launchd.gs5wa7NxmZ/org.macosforge.xquartz:0

Signal Handlers:
SIGSEGV: [libjvm.dylib+0x5a6855], sa_mask[0]=11111111011111110111111111111111, sa_flags=SA_ONSTACK|SA_RESTART|SA_SIGINFO
SIGBUS: [libjvm.dylib+0x5a6855], sa_mask[0]=11111111011111110111111111111111, sa_flags=SA_RESTART|SA_SIGINFO
SIGFPE: [libjvm.dylib+0x4804ec], sa_mask[0]=11111111011111110111111111111111, sa_flags=SA_RESTART|SA_SIGINFO
SIGPIPE: [libjvm.dylib+0x4804ec], sa_mask[0]=11111111011111110111111111111111, sa_flags=SA_RESTART|SA_SIGINFO
SIGXFSZ: [libjvm.dylib+0x4804ec], sa_mask[0]=11111111011111110111111111111111, sa_flags=SA_RESTART|SA_SIGINFO
SIGILL: [libjvm.dylib+0x4804ec], sa_mask[0]=11111111011111110111111111111111, sa_flags=SA_RESTART|SA_SIGINFO
SIGUSR1: SIG_DFL, sa_mask[0]=00000000000000000000000000000000, sa_flags=none
SIGUSR2: [libjvm.dylib+0x48000a], sa_mask[0]=00100000000000000000000000000000, sa_flags=SA_RESTART|SA_SIGINFO
SIGHUP: [libjvm.dylib+0x47e5e1], sa_mask[0]=11111111011111110111111111111111, sa_flags=SA_RESTART|SA_SIGINFO
SIGINT: [libjvm.dylib+0x47e5e1], sa_mask[0]=11111111011111110111111111111111, sa_flags=SA_RESTART|SA_SIGINFO
SIGTERM: [libjvm.dylib+0x47e5e1], sa_mask[0]=11111111011111110111111111111111, sa_flags=SA_RESTART|SA_SIGINFO
SIGQUIT: [libjvm.dylib+0x47e5e1], sa_mask[0]=11111111011111110111111111111111, sa_flags=SA_RESTART|SA_SIGINFO


---------------  S Y S T E M  ---------------

OS:Bsduname:Darwin 15.5.0 Darwin Kernel Version 15.5.0: Tue Apr 19 18:36:36 PDT 2016; root:xnu-3248.50.21~8/RELEASE_X86_64 x86_64
rlimit: STACK 8192k, CORE 0k, NPROC 709, NOFILE 10240, AS infinity
load average:4.18 4.22 4.42

CPU:total 4 (2 cores per cpu, 2 threads per core) family 6 model 61 stepping 4, cmov, cx8, fxsr, mmx, sse, sse2, sse3, ssse3, sse4.1, sse4.2, popcnt, avx, avx2, aes, clmul, erms, rtm, 3dnowpref, lzcnt, ht, tsc, tscinvbit, bmi1, bmi2, adx

Memory: 4k page, physical 8388608k(719520k free)

/proc/meminfo:


vm_info: Java HotSpot(TM) 64-Bit Server VM (25.72-b15) for bsd-amd64 JRE (1.8.0_72-b15), built on Dec 22 2015 15:43:34 by "java_re" with gcc 4.2.1 (Based on Apple Inc. build 5658) (LLVM build 2336.11.00)

time: Mon Oct 17 18:42:07 2016
elapsed time: 1979 seconds (0d 0h 32m 59s)

